Apr 23, 2014 12:59:59 AM Utility.TFSLogger LogMsg
FINE: Created directory 1
Apr 23, 2014 12:59:59 AM Utility.TFSLogger LogMsg
FINE: Created directory 1\2
Apr 23, 2014 12:59:59 AM Utility.TFSLogger LogMsg
FINE: Created directory 1\2\4
Apr 23, 2014 12:59:59 AM Utility.TFSLogger LogMsg
FINE: Created directory 1\2\5
Apr 23, 2014 12:59:59 AM Utility.TFSLogger LogMsg
FINE: Created directory 1\3
Apr 23, 2014 12:59:59 AM Utility.TFSLogger LogMsg
FINE: Created directory 1\3\6
Apr 23, 2014 12:59:59 AM Utility.TFSLogger LogMsg
FINE: Created directory 1\3\7
Apr 23, 2014 1:04:08 AM Utility.TFSLogger LogMsg
FINE: Created directory 1
Apr 23, 2014 1:04:08 AM Utility.TFSLogger LogMsg
FINE: Created directory 1\2
Apr 23, 2014 1:04:08 AM Utility.TFSLogger LogMsg
FINE: Created directory 1\2\4
Apr 23, 2014 1:04:08 AM Utility.TFSLogger LogMsg
FINE: Created directory 1\2\5
Apr 23, 2014 1:04:08 AM Utility.TFSLogger LogMsg
FINE: Created directory 1\3
Apr 23, 2014 1:04:08 AM Utility.TFSLogger LogMsg
FINE: Created directory 1\3\6
Apr 23, 2014 1:04:08 AM Utility.TFSLogger LogMsg
FINE: Created directory 1\3\7
Apr 23, 2014 1:20:41 AM Utility.TFSLogger LogMsg
FINE: Created directory 1
Apr 23, 2014 1:20:41 AM Utility.TFSLogger LogMsg
FINE: Created directory 1\2
Apr 23, 2014 1:20:41 AM Utility.TFSLogger LogMsg
FINE: Created directory 1\2\4
Apr 23, 2014 1:20:41 AM Utility.TFSLogger LogMsg
FINE: Created directory 1\2\5
Apr 23, 2014 1:20:41 AM Utility.TFSLogger LogMsg
FINE: Created directory 1\3
Apr 23, 2014 1:20:41 AM Utility.TFSLogger LogMsg
FINE: Created directory 1\3\6
Apr 23, 2014 1:20:41 AM Utility.TFSLogger LogMsg
FINE: Created directory 1\3\7
Apr 23, 2014 7:41:58 PM Utility.TFSLogger LogMsg
FINE: Created directory 1\2
Apr 23, 2014 7:41:58 PM Utility.TFSLogger LogMsg
FINE: Created directory 1\2\3
Apr 23, 2014 7:41:58 PM Utility.TFSLogger LogMsg
FINE: Created directory 1\2\3\4
Apr 23, 2014 7:41:58 PM Utility.TFSLogger LogMsg
FINE: Created directory 1\2\3\4\5
Apr 23, 2014 7:41:58 PM Utility.TFSLogger LogMsg
FINE: Created directory 1\2\3\4\5\6
Apr 23, 2014 7:41:58 PM Utility.TFSLogger LogMsg
FINE: Created directory 1\2\3\4\5\6\7
Apr 23, 2014 7:42:17 PM Utility.TFSLogger LogMsg
FINE: Created directory 1
Apr 23, 2014 7:42:17 PM Utility.TFSLogger LogMsg
FINE: Created directory 1\2
Apr 23, 2014 7:42:17 PM Utility.TFSLogger LogMsg
FINE: Created directory 1\2\4
Apr 23, 2014 7:42:17 PM Utility.TFSLogger LogMsg
FINE: Created directory 1\2\5
Apr 23, 2014 7:42:17 PM Utility.TFSLogger LogMsg
FINE: Created directory 1\3
Apr 23, 2014 7:42:17 PM Utility.TFSLogger LogMsg
FINE: Created directory 1\3\6
Apr 23, 2014 7:42:17 PM Utility.TFSLogger LogMsg
FINE: Created directory 1\3\7
